/*C2*/SET SCHEMA PUBLIC
DISCONNECT
/*C4*/SET SCHEMA PUBLIC
create table Address (id bigint generated by default as identity (start with 1), city varchar(255), state varchar(255), street varchar(255), zip integer, primary key (id))
create table Contact (id bigint generated by default as identity (start with 1), name varchar(255), address_id bigint, primary key (id))
alter table Contact add constraint FK9BEFBC00D9EB7F13 foreign key (address_id) references Address
INSERT INTO ADDRESS VALUES(1,'Gennevilliers','khjhkj','7 rue jean perrin',92230)
INSERT INTO CONTACT VALUES(1,'nawfal frej',1)
COMMIT
/*C3*/SET SCHEMA PUBLIC
DISCONNECT
/*C7*/SET SCHEMA PUBLIC
DISCONNECT
/*C4*/DELETE FROM ADDRESS WHERE ID=1
INSERT INTO ADDRESS VALUES(1,'Gennevilliers','khjhkj','7 rue jean perrin hhh',92230)
DELETE FROM CONTACT WHERE ID=1
INSERT INTO CONTACT VALUES(1,'nawfal frej hh',1)
COMMIT
DELETE FROM CONTACT WHERE ID=1
COMMIT
/*C15*/SET SCHEMA PUBLIC
DISCONNECT
/*C9*/SET SCHEMA PUBLIC
DISCONNECT
/*C10*/SET SCHEMA PUBLIC
DISCONNECT
/*C11*/SET SCHEMA PUBLIC
DISCONNECT
/*C13*/SET SCHEMA PUBLIC
DISCONNECT
/*C22*/SET SCHEMA PUBLIC
DISCONNECT
/*C29*/SET SCHEMA PUBLIC
DISCONNECT
